

============================== 2024-02-19 16:57:31.011034 | 626c7797-69db-46fc-ad3f-585614ecc45a ==============================
[0m16:57:31.011041 [info ] [MainThread]: Running with dbt=1.3.0
[0m16:57:31.011325 [debug] [MainThread]: running dbt with arguments {'write_json': True, 'use_colors': True, 'printer_width': 80, 'version_check': True, 'partial_parse': True, 'static_parser': True, 'profiles_dir': '/Users/carmilla/.dbt', 'send_anonymous_usage_stats': True, 'event_buffer_size': 100000, 'quiet': False, 'no_print': False, 'config_dir': False, 'which': 'debug', 'indirect_selection': 'eager'}
[0m16:57:31.011427 [debug] [MainThread]: Tracking: tracking
[0m16:57:31.038133 [debug] [MainThread]: Sending event: {'category': 'dbt', 'action': 'invocation', 'label': 'start', 'context': [<snowplow_tracker.self_describing_json.SelfDescribingJson object at 0x106d73f40>, <snowplow_tracker.self_describing_json.SelfDescribingJson object at 0x1030c4190>, <snowplow_tracker.self_describing_json.SelfDescribingJson object at 0x106d730a0>]}
[0m16:57:31.038795 [debug] [MainThread]: Executing "git --help"
[0m16:57:31.045478 [debug] [MainThread]: STDOUT: "b"usage: git [-v | --version] [-h | --help] [-C <path>] [-c <name>=<value>]\n           [--exec-path[=<path>]] [--html-path] [--man-path] [--info-path]\n           [-p | --paginate | -P | --no-pager] [--no-replace-objects] [--bare]\n           [--git-dir=<path>] [--work-tree=<path>] [--namespace=<name>]\n           [--config-env=<name>=<envvar>] <command> [<args>]\n\nThese are common Git commands used in various situations:\n\nstart a working area (see also: git help tutorial)\n   clone     Clone a repository into a new directory\n   init      Create an empty Git repository or reinitialize an existing one\n\nwork on the current change (see also: git help everyday)\n   add       Add file contents to the index\n   mv        Move or rename a file, a directory, or a symlink\n   restore   Restore working tree files\n   rm        Remove files from the working tree and from the index\n\nexamine the history and state (see also: git help revisions)\n   bisect    Use binary search to find the commit that introduced a bug\n   diff      Show changes between commits, commit and working tree, etc\n   grep      Print lines matching a pattern\n   log       Show commit logs\n   show      Show various types of objects\n   status    Show the working tree status\n\ngrow, mark and tweak your common history\n   branch    List, create, or delete branches\n   commit    Record changes to the repository\n   merge     Join two or more development histories together\n   rebase    Reapply commits on top of another base tip\n   reset     Reset current HEAD to the specified state\n   switch    Switch branches\n   tag       Create, list, delete or verify a tag object signed with GPG\n\ncollaborate (see also: git help workflows)\n   fetch     Download objects and refs from another repository\n   pull      Fetch from and integrate with another repository or a local branch\n   push      Update remote refs along with associated objects\n\n'git help -a' and 'git help -g' list available subcommands and some\nconcept guides. See 'git help <command>' or 'git help <concept>'\nto read about a specific subcommand or concept.\nSee 'git help git' for an overview of the system.\n""
[0m16:57:31.045744 [debug] [MainThread]: STDERR: "b''"
[0m16:57:31.045994 [debug] [MainThread]: Sending event: {'category': 'dbt', 'action': 'invocation', 'label': 'end', 'context': [<snowplow_tracker.self_describing_json.SelfDescribingJson object at 0x106d73e20>, <snowplow_tracker.self_describing_json.SelfDescribingJson object at 0x106d460a0>, <snowplow_tracker.self_describing_json.SelfDescribingJson object at 0x106d46040>]}
[0m16:57:31.046170 [debug] [MainThread]: Flushing usage events


============================== 2024-02-19 16:57:36.166764 | 90a93c1e-760d-49e4-bca6-380bb3012ff7 ==============================
[0m16:57:36.166769 [info ] [MainThread]: Running with dbt=1.3.0
[0m16:57:36.166950 [debug] [MainThread]: running dbt with arguments {'write_json': True, 'use_colors': True, 'printer_width': 80, 'version_check': True, 'partial_parse': True, 'static_parser': True, 'profiles_dir': '/Users/carmilla/.dbt', 'send_anonymous_usage_stats': True, 'event_buffer_size': 100000, 'quiet': False, 'no_print': False, 'skip_profile_setup': False, 'which': 'init', 'indirect_selection': 'eager'}
[0m16:57:36.167036 [debug] [MainThread]: Tracking: tracking
[0m16:57:36.178006 [debug] [MainThread]: Sending event: {'category': 'dbt', 'action': 'invocation', 'label': 'start', 'context': [<snowplow_tracker.self_describing_json.SelfDescribingJson object at 0x10732bca0>, <snowplow_tracker.self_describing_json.SelfDescribingJson object at 0x1042a4190>, <snowplow_tracker.self_describing_json.SelfDescribingJson object at 0x10732b100>]}
[0m16:57:36.178554 [info ] [MainThread]: Creating dbt configuration folder at /Users/carmilla/.dbt
[0m16:57:52.238340 [debug] [MainThread]: Starter project path: /Users/carmilla/clara-case/.venv/lib/python3.9/site-packages/dbt/include/starter_project
[0m16:58:56.689656 [info ] [MainThread]: Profile clara_case written to /Users/carmilla/.dbt/profiles.yml using target's profile_template.yml and your supplied values. Run 'dbt debug' to validate the connection.
[0m16:58:56.690225 [info ] [MainThread]: 
Your new dbt project "clara_case" was created!

For more information on how to configure the profiles.yml file,
please consult the dbt documentation here:

  https://docs.getdbt.com/docs/configure-your-profile

One more thing:

Need help? Don't hesitate to reach out to us via GitHub issues or on Slack:

  https://community.getdbt.com/

Happy modeling!

[0m16:58:56.690511 [debug] [MainThread]: Sending event: {'category': 'dbt', 'action': 'invocation', 'label': 'end', 'context': [<snowplow_tracker.self_describing_json.SelfDescribingJson object at 0x10732bac0>, <snowplow_tracker.self_describing_json.SelfDescribingJson object at 0x10731ed90>, <snowplow_tracker.self_describing_json.SelfDescribingJson object at 0x10731e7c0>]}
[0m16:58:56.690757 [debug] [MainThread]: Flushing usage events
